mode: set
github.com/ItserX/biathlon_competions/cmd/main.go:15.13,24.16 7 0
github.com/ItserX/biathlon_competions/cmd/main.go:24.16,27.3 2 0
github.com/ItserX/biathlon_competions/cmd/main.go:28.2,33.21 4 0
github.com/ItserX/biathlon_competions/cmd/main.go:33.21,36.36 3 0
github.com/ItserX/biathlon_competions/cmd/main.go:36.36,37.12 1 0
github.com/ItserX/biathlon_competions/cmd/main.go:40.3,41.17 2 0
github.com/ItserX/biathlon_competions/cmd/main.go:41.17,43.12 2 0
github.com/ItserX/biathlon_competions/cmd/main.go:45.3,45.25 1 0
github.com/ItserX/biathlon_competions/cmd/main.go:48.2,48.38 1 0
github.com/ItserX/biathlon_competions/cmd/main.go:48.38,50.3 1 0
github.com/ItserX/biathlon_competions/cmd/main.go:52.2,52.39 1 0
github.com/ItserX/biathlon_competions/internal/config/config.go:25.58,27.55 2 1
github.com/ItserX/biathlon_competions/internal/config/config.go:27.55,29.3 1 1
github.com/ItserX/biathlon_competions/internal/config/config.go:31.2,32.16 2 1
github.com/ItserX/biathlon_competions/internal/config/config.go:32.16,35.3 2 1
github.com/ItserX/biathlon_competions/internal/config/config.go:37.2,37.74 1 1
github.com/ItserX/biathlon_competions/internal/config/config.go:40.48,42.16 2 1
github.com/ItserX/biathlon_competions/internal/config/config.go:42.16,44.3 1 1
github.com/ItserX/biathlon_competions/internal/config/config.go:45.2,56.66 3 1
github.com/ItserX/biathlon_competions/internal/config/config.go:56.66,58.3 1 1
github.com/ItserX/biathlon_competions/internal/config/config.go:60.2,67.29 2 1
github.com/ItserX/biathlon_competions/internal/config/config.go:67.29,69.3 1 1
github.com/ItserX/biathlon_competions/internal/config/config.go:70.2,70.34 1 1
github.com/ItserX/biathlon_competions/internal/config/config.go:70.34,72.3 1 1
github.com/ItserX/biathlon_competions/internal/config/config.go:74.2,74.20 1 1
github.com/ItserX/biathlon_competions/internal/report/report.go:10.54,13.33 3 1
github.com/ItserX/biathlon_competions/internal/report/report.go:13.33,15.3 1 1
github.com/ItserX/biathlon_competions/internal/report/report.go:17.2,17.38 1 1
github.com/ItserX/biathlon_competions/internal/report/report.go:17.38,21.3 3 0
github.com/ItserX/biathlon_competions/internal/report/report.go:23.2,23.25 1 1
github.com/ItserX/biathlon_competions/internal/report/report.go:23.25,27.23 3 1
github.com/ItserX/biathlon_competions/internal/report/report.go:27.23,29.4 1 0
github.com/ItserX/biathlon_competions/internal/report/report.go:29.9,31.4 1 1
github.com/ItserX/biathlon_competions/internal/report/report.go:33.3,37.110 3 1
github.com/ItserX/biathlon_competions/internal/report/report.go:39.2,39.23 1 1
github.com/ItserX/biathlon_competions/internal/report/report.go:43.44,45.27 2 1
github.com/ItserX/biathlon_competions/internal/report/report.go:45.27,46.24 1 1
github.com/ItserX/biathlon_competions/internal/report/report.go:46.24,48.12 2 1
github.com/ItserX/biathlon_competions/internal/report/report.go:50.3,50.22 1 1
github.com/ItserX/biathlon_competions/internal/report/report.go:50.22,52.4 1 1
github.com/ItserX/biathlon_competions/internal/report/report.go:52.9,54.4 1 1
github.com/ItserX/biathlon_competions/internal/report/report.go:57.2,57.19 1 1
github.com/ItserX/biathlon_competions/internal/report/report.go:57.19,59.3 1 1
github.com/ItserX/biathlon_competions/internal/report/report.go:60.2,60.23 1 1
github.com/ItserX/biathlon_competions/internal/events/parser.go:12.61,15.21 2 1
github.com/ItserX/biathlon_competions/internal/events/parser.go:15.21,17.3 1 1
github.com/ItserX/biathlon_competions/internal/events/parser.go:19.2,20.16 2 1
github.com/ItserX/biathlon_competions/internal/events/parser.go:20.16,23.3 1 1
github.com/ItserX/biathlon_competions/internal/events/parser.go:25.2,26.16 2 1
github.com/ItserX/biathlon_competions/internal/events/parser.go:26.16,28.3 1 1
github.com/ItserX/biathlon_competions/internal/events/parser.go:29.2,32.16 3 1
github.com/ItserX/biathlon_competions/internal/events/parser.go:32.16,34.3 1 1
github.com/ItserX/biathlon_competions/internal/events/parser.go:36.2,38.21 2 1
github.com/ItserX/biathlon_competions/internal/events/parser.go:38.21,39.20 1 1
github.com/ItserX/biathlon_competions/internal/events/parser.go:40.31,42.18 2 1
github.com/ItserX/biathlon_competions/internal/events/parser.go:42.18,44.5 1 1
github.com/ItserX/biathlon_competions/internal/events/parser.go:45.4,45.31 1 0
github.com/ItserX/biathlon_competions/internal/events/parser.go:47.32,49.18 2 1
github.com/ItserX/biathlon_competions/internal/events/parser.go:49.18,51.5 1 1
github.com/ItserX/biathlon_competions/internal/events/parser.go:52.4,52.35 1 0
github.com/ItserX/biathlon_competions/internal/events/parser.go:54.28,56.18 2 1
github.com/ItserX/biathlon_competions/internal/events/parser.go:56.18,58.5 1 1
github.com/ItserX/biathlon_competions/internal/events/parser.go:59.4,59.25 1 0
github.com/ItserX/biathlon_competions/internal/events/parser.go:61.33,62.49 1 0
github.com/ItserX/biathlon_competions/internal/events/parser.go:63.11,64.47 1 0
github.com/ItserX/biathlon_competions/internal/events/parser.go:68.2,68.20 1 0
github.com/ItserX/biathlon_competions/internal/events/parser.go:71.51,75.16 3 1
github.com/ItserX/biathlon_competions/internal/events/parser.go:75.16,77.3 1 1
github.com/ItserX/biathlon_competions/internal/events/parser.go:79.2,79.24 1 1
github.com/ItserX/biathlon_competions/internal/events/processor.go:10.53,11.18 1 1
github.com/ItserX/biathlon_competions/internal/events/processor.go:12.38,13.32 1 1
github.com/ItserX/biathlon_competions/internal/events/processor.go:14.30,15.32 1 1
github.com/ItserX/biathlon_competions/internal/events/processor.go:16.29,17.31 1 1
github.com/ItserX/biathlon_competions/internal/events/processor.go:18.35,19.37 1 1
github.com/ItserX/biathlon_competions/internal/events/processor.go:20.31,21.33 1 1
github.com/ItserX/biathlon_competions/internal/events/processor.go:22.27,23.29 1 1
github.com/ItserX/biathlon_competions/internal/events/processor.go:24.33,25.38 1 1
github.com/ItserX/biathlon_competions/internal/events/processor.go:26.36,27.38 1 1
github.com/ItserX/biathlon_competions/internal/events/processor.go:28.33,29.35 1 1
github.com/ItserX/biathlon_competions/internal/events/processor.go:30.30,31.32 1 1
github.com/ItserX/biathlon_competions/internal/events/processor.go:32.32,33.34 1 1
github.com/ItserX/biathlon_competions/internal/events/processor.go:37.60,40.2 2 1
github.com/ItserX/biathlon_competions/internal/events/processor.go:42.60,48.2 3 1
github.com/ItserX/biathlon_competions/internal/events/processor.go:50.59,53.70 2 1
github.com/ItserX/biathlon_competions/internal/events/processor.go:53.70,57.3 3 1
github.com/ItserX/biathlon_competions/internal/events/processor.go:59.2,59.113 1 0
github.com/ItserX/biathlon_competions/internal/events/processor.go:62.65,65.70 2 1
github.com/ItserX/biathlon_competions/internal/events/processor.go:65.70,69.3 3 0
github.com/ItserX/biathlon_competions/internal/events/processor.go:71.2,74.104 3 1
github.com/ItserX/biathlon_competions/internal/events/processor.go:77.61,80.2 1 1
github.com/ItserX/biathlon_competions/internal/events/processor.go:82.57,87.2 3 1
github.com/ItserX/biathlon_competions/internal/events/processor.go:89.66,95.2 3 1
github.com/ItserX/biathlon_competions/internal/events/processor.go:97.66,104.2 4 1
github.com/ItserX/biathlon_competions/internal/events/processor.go:106.63,114.2 5 1
github.com/ItserX/biathlon_competions/internal/events/processor.go:116.60,126.80 8 1
github.com/ItserX/biathlon_competions/internal/events/processor.go:126.80,128.3 1 1
github.com/ItserX/biathlon_competions/internal/events/processor.go:130.2,132.48 2 1
github.com/ItserX/biathlon_competions/internal/events/processor.go:132.48,134.3 1 0
github.com/ItserX/biathlon_competions/internal/events/processor.go:138.62,142.2 3 1
github.com/ItserX/biathlon_competions/internal/events/utils.go:8.37,12.2 3 1
github.com/ItserX/biathlon_competions/internal/events/utils.go:14.83,16.2 1 1
github.com/ItserX/biathlon_competions/internal/events/utils.go:18.88,21.2 2 1
github.com/ItserX/biathlon_competions/internal/events/utils.go:23.82,27.2 1 1
